CRITICAL - 2022-08-12 14:23:48 --> count(): Parameter must be an array or an object that implements Countable
#0 C:\xampp\htdocs\megadata\app\Views\admin\absensi\data-absensi.php(172): CodeIgniter\Debug\Exceptions->errorHandler(2, 'count(): Parame...', 'C:\\xampp\\htdocs...', 172, Array)
#1 C:\xampp\htdocs\megadata\vendor\codeigniter4\framework\system\View\View.php(210): include('C:\\xampp\\htdocs...')
#2 C:\xampp\htdocs\megadata\vendor\codeigniter4\framework\system\View\View.php(213): CodeIgniter\View\View->CodeIgniter\View\{closure}()
#3 C:\xampp\htdocs\megadata\vendor\codeigniter4\framework\system\Common.php(1089): CodeIgniter\View\View->render('admin/absensi/d...', Array, true)
#4 C:\xampp\htdocs\megadata\app\Controllers\Admin.php(763): view('admin/absensi/d...', Array)
#5 C:\xampp\htdocs\megadata\vendor\codeigniter4\framework\system\CodeIgniter.php(825): App\Controllers\Admin->absensi()
#6 C:\xampp\htdocs\megadata\vendor\codeigniter4\framework\system\CodeIgniter.php(412): CodeIgniter\CodeIgniter->runController(Object(App\Controllers\Admin))
#7 C:\xampp\htdocs\megadata\vendor\codeigniter4\framework\system\CodeIgniter.php(320): CodeIgniter\CodeIgniter->handleRequest(NULL, Object(Config\Cache), false)
#8 C:\xampp\htdocs\megadata\public\index.php(37): CodeIgniter\CodeIgniter->run()
#9 {main}
CRITICAL - 2022-08-12 14:24:35 --> count(): Parameter must be an array or an object that implements Countable
#0 C:\xampp\htdocs\megadata\app\Views\admin\absensi\data-absensi.php(172): CodeIgniter\Debug\Exceptions->errorHandler(2, 'count(): Parame...', 'C:\\xampp\\htdocs...', 172, Array)
#1 C:\xampp\htdocs\megadata\vendor\codeigniter4\framework\system\View\View.php(210): include('C:\\xampp\\htdocs...')
#2 C:\xampp\htdocs\megadata\vendor\codeigniter4\framework\system\View\View.php(213): CodeIgniter\View\View->CodeIgniter\View\{closure}()
#3 C:\xampp\htdocs\megadata\vendor\codeigniter4\framework\system\Common.php(1089): CodeIgniter\View\View->render('admin/absensi/d...', Array, true)
#4 C:\xampp\htdocs\megadata\app\Controllers\Admin.php(763): view('admin/absensi/d...', Array)
#5 C:\xampp\htdocs\megadata\vendor\codeigniter4\framework\system\CodeIgniter.php(825): App\Controllers\Admin->absensi()
#6 C:\xampp\htdocs\megadata\vendor\codeigniter4\framework\system\CodeIgniter.php(412): CodeIgniter\CodeIgniter->runController(Object(App\Controllers\Admin))
#7 C:\xampp\htdocs\megadata\vendor\codeigniter4\framework\system\CodeIgniter.php(320): CodeIgniter\CodeIgniter->handleRequest(NULL, Object(Config\Cache), false)
#8 C:\xampp\htdocs\megadata\public\index.php(37): CodeIgniter\CodeIgniter->run()
#9 {main}
CRITICAL - 2022-08-12 14:24:55 --> count(): Parameter must be an array or an object that implements Countable
#0 C:\xampp\htdocs\megadata\app\Views\admin\absensi\data-absensi.php(172): CodeIgniter\Debug\Exceptions->errorHandler(2, 'count(): Parame...', 'C:\\xampp\\htdocs...', 172, Array)
#1 C:\xampp\htdocs\megadata\vendor\codeigniter4\framework\system\View\View.php(210): include('C:\\xampp\\htdocs...')
#2 C:\xampp\htdocs\megadata\vendor\codeigniter4\framework\system\View\View.php(213): CodeIgniter\View\View->CodeIgniter\View\{closure}()
#3 C:\xampp\htdocs\megadata\vendor\codeigniter4\framework\system\Common.php(1089): CodeIgniter\View\View->render('admin/absensi/d...', Array, true)
#4 C:\xampp\htdocs\megadata\app\Controllers\Admin.php(763): view('admin/absensi/d...', Array)
#5 C:\xampp\htdocs\megadata\vendor\codeigniter4\framework\system\CodeIgniter.php(825): App\Controllers\Admin->absensi()
#6 C:\xampp\htdocs\megadata\vendor\codeigniter4\framework\system\CodeIgniter.php(412): CodeIgniter\CodeIgniter->runController(Object(App\Controllers\Admin))
#7 C:\xampp\htdocs\megadata\vendor\codeigniter4\framework\system\CodeIgniter.php(320): CodeIgniter\CodeIgniter->handleRequest(NULL, Object(Config\Cache), false)
#8 C:\xampp\htdocs\megadata\public\index.php(37): CodeIgniter\CodeIgniter->run()
#9 {main}
CRITICAL - 2022-08-12 14:27:08 --> Trying to get property 'jumlah_absen_masuk' of non-object
#0 C:\xampp\htdocs\megadata\app\Views\admin\absensi\data-absensi.php(172): CodeIgniter\Debug\Exceptions->errorHandler(8, 'Trying to get p...', 'C:\\xampp\\htdocs...', 172, Array)
#1 C:\xampp\htdocs\megadata\vendor\codeigniter4\framework\system\View\View.php(210): include('C:\\xampp\\htdocs...')
#2 C:\xampp\htdocs\megadata\vendor\codeigniter4\framework\system\View\View.php(213): CodeIgniter\View\View->CodeIgniter\View\{closure}()
#3 C:\xampp\htdocs\megadata\vendor\codeigniter4\framework\system\Common.php(1089): CodeIgniter\View\View->render('admin/absensi/d...', Array, true)
#4 C:\xampp\htdocs\megadata\app\Controllers\Admin.php(763): view('admin/absensi/d...', Array)
#5 C:\xampp\htdocs\megadata\vendor\codeigniter4\framework\system\CodeIgniter.php(825): App\Controllers\Admin->absensi()
#6 C:\xampp\htdocs\megadata\vendor\codeigniter4\framework\system\CodeIgniter.php(412): CodeIgniter\CodeIgniter->runController(Object(App\Controllers\Admin))
#7 C:\xampp\htdocs\megadata\vendor\codeigniter4\framework\system\CodeIgniter.php(320): CodeIgniter\CodeIgniter->handleRequest(NULL, Object(Config\Cache), false)
#8 C:\xampp\htdocs\megadata\public\index.php(37): CodeIgniter\CodeIgniter->run()
#9 {main}
CRITICAL - 2022-08-12 14:28:08 --> count(): Parameter must be an array or an object that implements Countable
#0 C:\xampp\htdocs\megadata\app\Views\admin\absensi\data-absensi.php(175): CodeIgniter\Debug\Exceptions->errorHandler(2, 'count(): Parame...', 'C:\\xampp\\htdocs...', 175, Array)
#1 C:\xampp\htdocs\megadata\vendor\codeigniter4\framework\system\View\View.php(210): include('C:\\xampp\\htdocs...')
#2 C:\xampp\htdocs\megadata\vendor\codeigniter4\framework\system\View\View.php(213): CodeIgniter\View\View->CodeIgniter\View\{closure}()
#3 C:\xampp\htdocs\megadata\vendor\codeigniter4\framework\system\Common.php(1089): CodeIgniter\View\View->render('admin/absensi/d...', Array, true)
#4 C:\xampp\htdocs\megadata\app\Controllers\Admin.php(763): view('admin/absensi/d...', Array)
#5 C:\xampp\htdocs\megadata\vendor\codeigniter4\framework\system\CodeIgniter.php(825): App\Controllers\Admin->absensi()
#6 C:\xampp\htdocs\megadata\vendor\codeigniter4\framework\system\CodeIgniter.php(412): CodeIgniter\CodeIgniter->runController(Object(App\Controllers\Admin))
#7 C:\xampp\htdocs\megadata\vendor\codeigniter4\framework\system\CodeIgniter.php(320): CodeIgniter\CodeIgniter->handleRequest(NULL, Object(Config\Cache), false)
#8 C:\xampp\htdocs\megadata\public\index.php(37): CodeIgniter\CodeIgniter->run()
#9 {main}
CRITICAL - 2022-08-12 14:28:39 --> Trying to get property 'jumlah_absen_masuk' of non-object
#0 C:\xampp\htdocs\megadata\app\Views\admin\absensi\data-absensi.php(175): CodeIgniter\Debug\Exceptions->errorHandler(8, 'Trying to get p...', 'C:\\xampp\\htdocs...', 175, Array)
#1 C:\xampp\htdocs\megadata\vendor\codeigniter4\framework\system\View\View.php(210): include('C:\\xampp\\htdocs...')
#2 C:\xampp\htdocs\megadata\vendor\codeigniter4\framework\system\View\View.php(213): CodeIgniter\View\View->CodeIgniter\View\{closure}()
#3 C:\xampp\htdocs\megadata\vendor\codeigniter4\framework\system\Common.php(1089): CodeIgniter\View\View->render('admin/absensi/d...', Array, true)
#4 C:\xampp\htdocs\megadata\app\Controllers\Admin.php(763): view('admin/absensi/d...', Array)
#5 C:\xampp\htdocs\megadata\vendor\codeigniter4\framework\system\CodeIgniter.php(825): App\Controllers\Admin->absensi()
#6 C:\xampp\htdocs\megadata\vendor\codeigniter4\framework\system\CodeIgniter.php(412): CodeIgniter\CodeIgniter->runController(Object(App\Controllers\Admin))
#7 C:\xampp\htdocs\megadata\vendor\codeigniter4\framework\system\CodeIgniter.php(320): CodeIgniter\CodeIgniter->handleRequest(NULL, Object(Config\Cache), false)
#8 C:\xampp\htdocs\megadata\public\index.php(37): CodeIgniter\CodeIgniter->run()
#9 {main}
CRITICAL - 2022-08-12 14:30:30 --> Undefined variable: masuk
#0 C:\xampp\htdocs\megadata\app\Views\admin\absensi\data-absensi.php(169): CodeIgniter\Debug\Exceptions->errorHandler(8, 'Undefined varia...', 'C:\\xampp\\htdocs...', 169, Array)
#1 C:\xampp\htdocs\megadata\vendor\codeigniter4\framework\system\View\View.php(210): include('C:\\xampp\\htdocs...')
#2 C:\xampp\htdocs\megadata\vendor\codeigniter4\framework\system\View\View.php(213): CodeIgniter\View\View->CodeIgniter\View\{closure}()
#3 C:\xampp\htdocs\megadata\vendor\codeigniter4\framework\system\Common.php(1089): CodeIgniter\View\View->render('admin/absensi/d...', Array, true)
#4 C:\xampp\htdocs\megadata\app\Controllers\Admin.php(763): view('admin/absensi/d...', Array)
#5 C:\xampp\htdocs\megadata\vendor\codeigniter4\framework\system\CodeIgniter.php(825): App\Controllers\Admin->absensi()
#6 C:\xampp\htdocs\megadata\vendor\codeigniter4\framework\system\CodeIgniter.php(412): CodeIgniter\CodeIgniter->runController(Object(App\Controllers\Admin))
#7 C:\xampp\htdocs\megadata\vendor\codeigniter4\framework\system\CodeIgniter.php(320): CodeIgniter\CodeIgniter->handleRequest(NULL, Object(Config\Cache), false)
#8 C:\xampp\htdocs\megadata\public\index.php(37): CodeIgniter\CodeIgniter->run()
#9 {main}
