CRITICAL - 2022-12-15 16:59:59 --> Attempt to read property "absen_masuk" on null
#0 C:\xampp\htdocs\megadata\app\Views\pegawai\isi-absen.php(77): CodeIgniter\Debug\Exceptions->errorHandler(2, 'Attempt to read...', 'C:\\xampp\\htdocs...', 77)
#1 C:\xampp\htdocs\megadata\vendor\codeigniter4\framework\system\View\View.php(210): include('C:\\xampp\\htdocs...')
#2 C:\xampp\htdocs\megadata\vendor\codeigniter4\framework\system\View\View.php(213): CodeIgniter\View\View->CodeIgniter\View\{closure}()
#3 C:\xampp\htdocs\megadata\vendor\codeigniter4\framework\system\Common.php(1089): CodeIgniter\View\View->render('pegawai/isi-abs...', Array, true)
#4 C:\xampp\htdocs\megadata\app\Controllers\Pegawai.php(295): view('pegawai/isi-abs...', Array)
#5 C:\xampp\htdocs\megadata\vendor\codeigniter4\framework\system\CodeIgniter.php(825): App\Controllers\Pegawai->absen('FLI173q9Zo')
#6 C:\xampp\htdocs\megadata\vendor\codeigniter4\framework\system\CodeIgniter.php(412): CodeIgniter\CodeIgniter->runController(Object(App\Controllers\Pegawai))
#7 C:\xampp\htdocs\megadata\vendor\codeigniter4\framework\system\CodeIgniter.php(320): CodeIgniter\CodeIgniter->handleRequest(NULL, Object(Config\Cache), false)
#8 C:\xampp\htdocs\megadata\public\index.php(37): CodeIgniter\CodeIgniter->run()
#9 {main}
CRITICAL - 2022-12-15 17:00:02 --> Attempt to read property "absen_masuk" on null
#0 C:\xampp\htdocs\megadata\app\Views\pegawai\isi-absen.php(77): CodeIgniter\Debug\Exceptions->errorHandler(2, 'Attempt to read...', 'C:\\xampp\\htdocs...', 77)
#1 C:\xampp\htdocs\megadata\vendor\codeigniter4\framework\system\View\View.php(210): include('C:\\xampp\\htdocs...')
#2 C:\xampp\htdocs\megadata\vendor\codeigniter4\framework\system\View\View.php(213): CodeIgniter\View\View->CodeIgniter\View\{closure}()
#3 C:\xampp\htdocs\megadata\vendor\codeigniter4\framework\system\Common.php(1089): CodeIgniter\View\View->render('pegawai/isi-abs...', Array, true)
#4 C:\xampp\htdocs\megadata\app\Controllers\Pegawai.php(295): view('pegawai/isi-abs...', Array)
#5 C:\xampp\htdocs\megadata\vendor\codeigniter4\framework\system\CodeIgniter.php(825): App\Controllers\Pegawai->absen('FLI173q9Zo')
#6 C:\xampp\htdocs\megadata\vendor\codeigniter4\framework\system\CodeIgniter.php(412): CodeIgniter\CodeIgniter->runController(Object(App\Controllers\Pegawai))
#7 C:\xampp\htdocs\megadata\vendor\codeigniter4\framework\system\CodeIgniter.php(320): CodeIgniter\CodeIgniter->handleRequest(NULL, Object(Config\Cache), false)
#8 C:\xampp\htdocs\megadata\public\index.php(37): CodeIgniter\CodeIgniter->run()
#9 {main}
