CRITICAL - 2022-08-04 08:53:36 --> Trying to get property 'nip' of non-object
#0 C:\xampp\htdocs\megadata\app\Controllers\Admin.php(246): CodeIgniter\Debug\Exceptions->errorHandler(8, 'Trying to get p...', 'C:\\xampp\\htdocs...', 246, Array)
#1 C:\xampp\htdocs\megadata\vendor\codeigniter4\framework\system\CodeIgniter.php(825): App\Controllers\Admin->tambah_pegawai_()
#2 C:\xampp\htdocs\megadata\vendor\codeigniter4\framework\system\CodeIgniter.php(412): CodeIgniter\CodeIgniter->runController(Object(App\Controllers\Admin))
#3 C:\xampp\htdocs\megadata\vendor\codeigniter4\framework\system\CodeIgniter.php(320): CodeIgniter\CodeIgniter->handleRequest(NULL, Object(Config\Cache), false)
#4 C:\xampp\htdocs\megadata\public\index.php(37): CodeIgniter\CodeIgniter->run()
#5 {main}
CRITICAL - 2022-08-04 09:43:27 --> Trying to get property 'nip' of non-object
#0 C:\xampp\htdocs\megadata\app\Controllers\Admin.php(247): CodeIgniter\Debug\Exceptions->errorHandler(8, 'Trying to get p...', 'C:\\xampp\\htdocs...', 247, Array)
#1 C:\xampp\htdocs\megadata\vendor\codeigniter4\framework\system\CodeIgniter.php(825): App\Controllers\Admin->tambah_pegawai_()
#2 C:\xampp\htdocs\megadata\vendor\codeigniter4\framework\system\CodeIgniter.php(412): CodeIgniter\CodeIgniter->runController(Object(App\Controllers\Admin))
#3 C:\xampp\htdocs\megadata\vendor\codeigniter4\framework\system\CodeIgniter.php(320): CodeIgniter\CodeIgniter->handleRequest(NULL, Object(Config\Cache), false)
#4 C:\xampp\htdocs\megadata\public\index.php(37): CodeIgniter\CodeIgniter->run()
#5 {main}
CRITICAL - 2022-08-04 09:44:25 --> Trying to get property 'nip' of non-object
#0 C:\xampp\htdocs\megadata\app\Controllers\Admin.php(247): CodeIgniter\Debug\Exceptions->errorHandler(8, 'Trying to get p...', 'C:\\xampp\\htdocs...', 247, Array)
#1 C:\xampp\htdocs\megadata\vendor\codeigniter4\framework\system\CodeIgniter.php(825): App\Controllers\Admin->tambah_pegawai_()
#2 C:\xampp\htdocs\megadata\vendor\codeigniter4\framework\system\CodeIgniter.php(412): CodeIgniter\CodeIgniter->runController(Object(App\Controllers\Admin))
#3 C:\xampp\htdocs\megadata\vendor\codeigniter4\framework\system\CodeIgniter.php(320): CodeIgniter\CodeIgniter->handleRequest(NULL, Object(Config\Cache), false)
#4 C:\xampp\htdocs\megadata\public\index.php(37): CodeIgniter\CodeIgniter->run()
#5 {main}
CRITICAL - 2022-08-04 09:52:20 --> Trying to get property 'nip' of non-object
#0 C:\xampp\htdocs\megadata\app\Controllers\Admin.php(247): CodeIgniter\Debug\Exceptions->errorHandler(8, 'Trying to get p...', 'C:\\xampp\\htdocs...', 247, Array)
#1 C:\xampp\htdocs\megadata\vendor\codeigniter4\framework\system\CodeIgniter.php(825): App\Controllers\Admin->tambah_pegawai_()
#2 C:\xampp\htdocs\megadata\vendor\codeigniter4\framework\system\CodeIgniter.php(412): CodeIgniter\CodeIgniter->runController(Object(App\Controllers\Admin))
#3 C:\xampp\htdocs\megadata\vendor\codeigniter4\framework\system\CodeIgniter.php(320): CodeIgniter\CodeIgniter->handleRequest(NULL, Object(Config\Cache), false)
#4 C:\xampp\htdocs\megadata\public\index.php(37): CodeIgniter\CodeIgniter->run()
#5 {main}
CRITICAL - 2022-08-04 10:00:28 --> Trying to get property 'getResultObject' of non-object
#0 C:\xampp\htdocs\megadata\app\Controllers\Admin.php(243): CodeIgniter\Debug\Exceptions->errorHandler(8, 'Trying to get p...', 'C:\\xampp\\htdocs...', 243, Array)
#1 C:\xampp\htdocs\megadata\vendor\codeigniter4\framework\system\CodeIgniter.php(825): App\Controllers\Admin->tambah_pegawai_()
#2 C:\xampp\htdocs\megadata\vendor\codeigniter4\framework\system\CodeIgniter.php(412): CodeIgniter\CodeIgniter->runController(Object(App\Controllers\Admin))
#3 C:\xampp\htdocs\megadata\vendor\codeigniter4\framework\system\CodeIgniter.php(320): CodeIgniter\CodeIgniter->handleRequest(NULL, Object(Config\Cache), false)
#4 C:\xampp\htdocs\megadata\public\index.php(37): CodeIgniter\CodeIgniter->run()
#5 {main}
CRITICAL - 2022-08-04 10:02:47 --> Call to a member function getResultObject() on array
#0 C:\xampp\htdocs\megadata\vendor\codeigniter4\framework\system\CodeIgniter.php(825): App\Controllers\Admin->tambah_pegawai_()
#1 C:\xampp\htdocs\megadata\vendor\codeigniter4\framework\system\CodeIgniter.php(412): CodeIgniter\CodeIgniter->runController(Object(App\Controllers\Admin))
#2 C:\xampp\htdocs\megadata\vendor\codeigniter4\framework\system\CodeIgniter.php(320): CodeIgniter\CodeIgniter->handleRequest(NULL, Object(Config\Cache), false)
#3 C:\xampp\htdocs\megadata\public\index.php(37): CodeIgniter\CodeIgniter->run()
#4 {main}
CRITICAL - 2022-08-04 10:10:01 --> Trying to get property 'nip' of non-object
#0 C:\xampp\htdocs\megadata\app\Controllers\Admin.php(248): CodeIgniter\Debug\Exceptions->errorHandler(8, 'Trying to get p...', 'C:\\xampp\\htdocs...', 248, Array)
#1 C:\xampp\htdocs\megadata\vendor\codeigniter4\framework\system\CodeIgniter.php(825): App\Controllers\Admin->tambah_pegawai_()
#2 C:\xampp\htdocs\megadata\vendor\codeigniter4\framework\system\CodeIgniter.php(412): CodeIgniter\CodeIgniter->runController(Object(App\Controllers\Admin))
#3 C:\xampp\htdocs\megadata\vendor\codeigniter4\framework\system\CodeIgniter.php(320): CodeIgniter\CodeIgniter->handleRequest(NULL, Object(Config\Cache), false)
#4 C:\xampp\htdocs\megadata\public\index.php(37): CodeIgniter\CodeIgniter->run()
#5 {main}
CRITICAL - 2022-08-04 10:16:10 --> Trying to get property 'nip' of non-object
#0 C:\xampp\htdocs\megadata\app\Controllers\Admin.php(249): CodeIgniter\Debug\Exceptions->errorHandler(8, 'Trying to get p...', 'C:\\xampp\\htdocs...', 249, Array)
#1 C:\xampp\htdocs\megadata\vendor\codeigniter4\framework\system\CodeIgniter.php(825): App\Controllers\Admin->tambah_pegawai_()
#2 C:\xampp\htdocs\megadata\vendor\codeigniter4\framework\system\CodeIgniter.php(412): CodeIgniter\CodeIgniter->runController(Object(App\Controllers\Admin))
#3 C:\xampp\htdocs\megadata\vendor\codeigniter4\framework\system\CodeIgniter.php(320): CodeIgniter\CodeIgniter->handleRequest(NULL, Object(Config\Cache), false)
#4 C:\xampp\htdocs\megadata\public\index.php(37): CodeIgniter\CodeIgniter->run()
#5 {main}
CRITICAL - 2022-08-04 10:16:27 --> Trying to get property 'nip' of non-object
#0 C:\xampp\htdocs\megadata\app\Controllers\Admin.php(249): CodeIgniter\Debug\Exceptions->errorHandler(8, 'Trying to get p...', 'C:\\xampp\\htdocs...', 249, Array)
#1 C:\xampp\htdocs\megadata\vendor\codeigniter4\framework\system\CodeIgniter.php(825): App\Controllers\Admin->tambah_pegawai_()
#2 C:\xampp\htdocs\megadata\vendor\codeigniter4\framework\system\CodeIgniter.php(412): CodeIgniter\CodeIgniter->runController(Object(App\Controllers\Admin))
#3 C:\xampp\htdocs\megadata\vendor\codeigniter4\framework\system\CodeIgniter.php(320): CodeIgniter\CodeIgniter->handleRequest(NULL, Object(Config\Cache), false)
#4 C:\xampp\htdocs\megadata\public\index.php(37): CodeIgniter\CodeIgniter->run()
#5 {main}
